#
# There is insufficient memory for the Java Runtime Environment to continue.
# Native memory allocation (mmap) failed to map 35791044608 bytes for committing reserved memory.
# Possible reasons:
#   The system is out of physical RAM or swap space
# Possible solutions:
#   Reduce memory load on the system
#   Increase physical memory or swap space
#   Check if swap backing store is full
#   Decrease Java heap size (-Xmx/-Xms)
#   Decrease number of Java threads
#   Decrease Java thread stack sizes (-Xss)
#   Set larger code cache with -XX:ReservedCodeCacheSize=
# This output file may be truncated or incomplete.
#
#  Out of Memory Error (os_linux.cpp:2749), pid=622420, tid=0x00007f2f63643700
#
# JRE version:  (8.0_202-b08) (build )
# Java VM: Java HotSpot(TM) 64-Bit Server VM (25.202-b08 mixed mode linux-amd64 )
# Failed to write core dump. Core dumps have been disabled. To enable core dumping, try "ulimit -c unlimited" before starting Java again
#

---------------  T H R E A D  ---------------

Current thread (0x00007f2f5800a800):  JavaThread "Unknown thread" [_thread_in_vm, id=622421, stack(0x00007f2f5d244000,0x00007f2f63644000)]

Stack: [0x00007f2f5d244000,0x00007f2f63644000],  sp=0x00007f2f63642580,  free space=102393k
Native frames: (J=compiled Java code, j=interpreted, Vv=VM code, C=native code)
V  [libjvm.so+0xad33a5]  VMError::report_and_die()+0x2e5
V  [libjvm.so+0x4e04c7]  report_vm_out_of_memory(char const*, int, unsigned long, VMErrorType, char const*)+0x67
V  [libjvm.so+0x910290]  os::pd_commit_memory(char*, unsigned long, unsigned long, bool)+0x100
V  [libjvm.so+0x9078bf]  os::commit_memory(char*, unsigned long, unsigned long, bool)+0x1f
V  [libjvm.so+0x98c686]  PSVirtualSpace::expand_by(unsigned long)+0x56
V  [libjvm.so+0x98e5a6]  PSYoungGen::initialize(ReservedSpace, unsigned long)+0x96
V  [libjvm.so+0x2bcf94]  AdjoiningGenerations::AdjoiningGenerations(ReservedSpace, GenerationSizer*, unsigned long)+0x2c4
V  [libjvm.so+0x93abb2]  ParallelScavengeHeap::initialize()+0x222
V  [libjvm.so+0xa96fca]  Universe::initialize_heap()+0x16a
V  [libjvm.so+0xa972b3]  universe_init()+0x33
V  [libjvm.so+0x632110]  init_globals()+0x50
V  [libjvm.so+0xa799e9]  Threads::create_vm(JavaVMInitArgs*, bool*)+0x409
V  [libjvm.so+0x6d7c8f]  JNI_CreateJavaVM+0x4f
C  [libjli.so+0x7ee4]  JavaMain+0x84
C  [libpthread.so.0+0x8609]  start_thread+0xd9


---------------  P R O C E S S  ---------------

Java Threads: ( => current thread )

Other Threads:

=>0x00007f2f5800a800 (exited) JavaThread "Unknown thread" [_thread_in_vm, id=622421, stack(0x00007f2f5d244000,0x00007f2f63644000)]

VM state:not at safepoint (not fully initialized)

VM Mutex/Monitor currently owned by a thread: None

GC Heap History (0 inputEvents):
No inputEvents

Deoptimization inputEvents (0 inputEvents):
No inputEvents

Classes redefined (0 inputEvents):
No inputEvents

Internal exceptions (0 inputEvents):
No inputEvents

Events (0 inputEvents):
No inputEvents


Dynamic libraries:
00400000-00401000 r-xp 00000000 103:05 11931064                          /home/myc/workspace/tools/jdk/bin/java
00600000-00601000 r--p 00000000 103:05 11931064                          /home/myc/workspace/tools/jdk/bin/java
00601000-00602000 rw-p 00001000 103:05 11931064                          /home/myc/workspace/tools/jdk/bin/java
01aa4000-01ac5000 rw-p 00000000 00:00 0                                  [heap]
7f163c7ff000-7f1648fff000 ---p 00000000 00:00 0 
7f1648fff000-7f1649000000 rw-p 00000000 00:00 0 
7f1649000000-7f26f3b00000 ---p 00000000 00:00 0 
7f2f49000000-7f2f49270000 rwxp 00000000 00:00 0 
7f2f49270000-7f2f58000000 ---p 00000000 00:00 0 
7f2f58000000-7f2f58033000 rw-p 00000000 00:00 0 
7f2f58033000-7f2f5c000000 ---p 00000000 00:00 0 
7f2f5c563000-7f2f5c802000 rw-p 00000000 00:00 0 
7f2f5c802000-7f2f5cbb8000 ---p 00000000 00:00 0 
7f2f5cbb8000-7f2f5cbd3000 r-xp 00000000 103:05 919415                    /home/myc/workspace/tools/jdk/jre/lib/amd64/libzip.so
7f2f5cbd3000-7f2f5cdd2000 ---p 0001b000 103:05 919415                    /home/myc/workspace/tools/jdk/jre/lib/amd64/libzip.so
7f2f5cdd2000-7f2f5cdd3000 r--p 0001a000 103:05 919415                    /home/myc/workspace/tools/jdk/jre/lib/amd64/libzip.so
7f2f5cdd3000-7f2f5cdd4000 rw-p 0001b000 103:05 919415                    /home/myc/workspace/tools/jdk/jre/lib/amd64/libzip.so
7f2f5cdd4000-7f2f5cdd7000 r--p 00000000 103:05 3803504                   /usr/lib/x86_64-linux-gnu/libnss_files-2.31.so
7f2f5cdd7000-7f2f5cdde000 r-xp 00003000 103:05 3803504                   /usr/lib/x86_64-linux-gnu/libnss_files-2.31.so
7f2f5cdde000-7f2f5cde0000 r--p 0000a000 103:05 3803504                   /usr/lib/x86_64-linux-gnu/libnss_files-2.31.so
7f2f5cde0000-7f2f5cde1000 r--p 0000b000 103:05 3803504                   /usr/lib/x86_64-linux-gnu/libnss_files-2.31.so
7f2f5cde1000-7f2f5cde2000 rw-p 0000c000 103:05 3803504                   /usr/lib/x86_64-linux-gnu/libnss_files-2.31.so
7f2f5cde2000-7f2f5cde8000 rw-p 00000000 00:00 0 
7f2f5cdfc000-7f2f5ce28000 r-xp 00000000 103:05 919409                    /home/myc/workspace/tools/jdk/jre/lib/amd64/libjava.so
7f2f5ce28000-7f2f5d027000 ---p 0002c000 103:05 919409                    /home/myc/workspace/tools/jdk/jre/lib/amd64/libjava.so
7f2f5d027000-7f2f5d028000 r--p 0002b000 103:05 919409                    /home/myc/workspace/tools/jdk/jre/lib/amd64/libjava.so
7f2f5d028000-7f2f5d02a000 rw-p 0002c000 103:05 919409                    /home/myc/workspace/tools/jdk/jre/lib/amd64/libjava.so
7f2f5d02a000-7f2f5d037000 r-xp 00000000 103:05 919414                    /home/myc/workspace/tools/jdk/jre/lib/amd64/libverify.so
7f2f5d037000-7f2f5d236000 ---p 0000d000 103:05 919414                    /home/myc/workspace/tools/jdk/jre/lib/amd64/libverify.so
7f2f5d236000-7f2f5d238000 r--p 0000c000 103:05 919414                    /home/myc/workspace/tools/jdk/jre/lib/amd64/libverify.so
7f2f5d238000-7f2f5d239000 rw-p 0000e000 103:05 919414                    /home/myc/workspace/tools/jdk/jre/lib/amd64/libverify.so
7f2f5d239000-7f2f5d23b000 r--p 00000000 103:05 3803511                   /usr/lib/x86_64-linux-gnu/librt-2.31.so
7f2f5d23b000-7f2f5d23f000 r-xp 00002000 103:05 3803511                   /usr/lib/x86_64-linux-gnu/librt-2.31.so
7f2f5d23f000-7f2f5d241000 r--p 00006000 103:05 3803511                   /usr/lib/x86_64-linux-gnu/librt-2.31.so
7f2f5d241000-7f2f5d242000 r--p 00007000 103:05 3803511                   /usr/lib/x86_64-linux-gnu/librt-2.31.so
7f2f5d242000-7f2f5d243000 rw-p 00008000 103:05 3803511                   /usr/lib/x86_64-linux-gnu/librt-2.31.so
7f2f5d243000-7f2f5d244000 ---p 00000000 00:00 0 
7f2f5d244000-7f2f5d247000 ---p 00000000 00:00 0 
7f2f5d247000-7f2f63644000 rw-p 00000000 00:00 0 
7f2f63644000-7f2f63651000 r--p 00000000 103:05 3803498                   /usr/lib/x86_64-linux-gnu/libm-2.31.so
7f2f63651000-7f2f636f8000 r-xp 0000d000 103:05 3803498                   /usr/lib/x86_64-linux-gnu/libm-2.31.so
7f2f636f8000-7f2f63791000 r--p 000b4000 103:05 3803498                   /usr/lib/x86_64-linux-gnu/libm-2.31.so
7f2f63791000-7f2f63792000 r--p 0014c000 103:05 3803498                   /usr/lib/x86_64-linux-gnu/libm-2.31.so
7f2f63792000-7f2f63793000 rw-p 0014d000 103:05 3803498                   /usr/lib/x86_64-linux-gnu/libm-2.31.so
7f2f63793000-7f2f6447b000 r-xp 00000000 103:05 919374                    /home/myc/workspace/tools/jdk/jre/lib/amd64/server/libjvm.so
7f2f6447b000-7f2f6467a000 ---p 00ce8000 103:05 919374                    /home/myc/workspace/tools/jdk/jre/lib/amd64/server/libjvm.so
7f2f6467a000-7f2f64710000 r--p 00ce7000 103:05 919374                    /home/myc/workspace/tools/jdk/jre/lib/amd64/server/libjvm.so
7f2f64710000-7f2f64741000 rw-p 00d7d000 103:05 919374                    /home/myc/workspace/tools/jdk/jre/lib/amd64/server/libjvm.so
7f2f64741000-7f2f6477e000 rw-p 00000000 00:00 0 
7f2f6477e000-7f2f647a0000 r--p 00000000 103:05 3803488                   /usr/lib/x86_64-linux-gnu/libc-2.31.so
7f2f647a0000-7f2f64918000 r-xp 00022000 103:05 3803488                   /usr/lib/x86_64-linux-gnu/libc-2.31.so
7f2f64918000-7f2f64966000 r--p 0019a000 103:05 3803488                   /usr/lib/x86_64-linux-gnu/libc-2.31.so
7f2f64966000-7f2f6496a000 r--p 001e7000 103:05 3803488                   /usr/lib/x86_64-linux-gnu/libc-2.31.so
7f2f6496a000-7f2f6496c000 rw-p 001eb000 103:05 3803488                   /usr/lib/x86_64-linux-gnu/libc-2.31.so
7f2f6496c000-7f2f64970000 rw-p 00000000 00:00 0 
7f2f64970000-7f2f64971000 r--p 00000000 103:05 3803497                   /usr/lib/x86_64-linux-gnu/libdl-2.31.so
7f2f64971000-7f2f64973000 r-xp 00001000 103:05 3803497                   /usr/lib/x86_64-linux-gnu/libdl-2.31.so
7f2f64973000-7f2f64974000 r--p 00003000 103:05 3803497                   /usr/lib/x86_64-linux-gnu/libdl-2.31.so
7f2f64974000-7f2f64975000 r--p 00003000 103:05 3803497                   /usr/lib/x86_64-linux-gnu/libdl-2.31.so
7f2f64975000-7f2f64976000 rw-p 00004000 103:05 3803497                   /usr/lib/x86_64-linux-gnu/libdl-2.31.so
7f2f64976000-7f2f6498d000 r-xp 00000000 103:05 12062005                  /home/myc/workspace/tools/jdk/lib/amd64/jli/libjli.so
7f2f6498d000-7f2f64b8c000 ---p 00017000 103:05 12062005                  /home/myc/workspace/tools/jdk/lib/amd64/jli/libjli.so
7f2f64b8c000-7f2f64b8d000 r--p 00016000 103:05 12062005                  /home/myc/workspace/tools/jdk/lib/amd64/jli/libjli.so
7f2f64b8d000-7f2f64b8e000 rw-p 00017000 103:05 12062005                  /home/myc/workspace/tools/jdk/lib/amd64/jli/libjli.so
7f2f64b8e000-7f2f64b94000 r--p 00000000 103:05 3803509                   /usr/lib/x86_64-linux-gnu/libpthread-2.31.so
7f2f64b94000-7f2f64ba5000 r-xp 00006000 103:05 3803509                   /usr/lib/x86_64-linux-gnu/libpthread-2.31.so
7f2f64ba5000-7f2f64bab000 r--p 00017000 103:05 3803509                   /usr/lib/x86_64-linux-gnu/libpthread-2.31.so
7f2f64bab000-7f2f64bac000 r--p 0001c000 103:05 3803509                   /usr/lib/x86_64-linux-gnu/libpthread-2.31.so
7f2f64bac000-7f2f64bad000 rw-p 0001d000 103:05 3803509                   /usr/lib/x86_64-linux-gnu/libpthread-2.31.so
7f2f64bad000-7f2f64bb1000 rw-p 00000000 00:00 0 
7f2f64bbc000-7f2f64bc4000 rw-s 00000000 103:05 7209995                   /tmp/hsperfdata_myc/622420
7f2f64bc4000-7f2f64bc7000 rw-p 00000000 00:00 0 
7f2f64bc7000-7f2f64bc8000 r--p 00000000 103:05 3803484                   /usr/lib/x86_64-linux-gnu/ld-2.31.so
7f2f64bc8000-7f2f64beb000 r-xp 00001000 103:05 3803484                   /usr/lib/x86_64-linux-gnu/ld-2.31.so
7f2f64beb000-7f2f64bf3000 r--p 00024000 103:05 3803484                   /usr/lib/x86_64-linux-gnu/ld-2.31.so
7f2f64bf3000-7f2f64bf4000 r--p 00000000 00:00 0 
7f2f64bf4000-7f2f64bf5000 r--p 0002c000 103:05 3803484                   /usr/lib/x86_64-linux-gnu/ld-2.31.so
7f2f64bf5000-7f2f64bf6000 rw-p 0002d000 103:05 3803484                   /usr/lib/x86_64-linux-gnu/ld-2.31.so
7f2f64bf6000-7f2f64bf7000 rw-p 00000000 00:00 0 
7ffe3888a000-7ffe388ac000 rw-p 00000000 00:00 0                          [stack]
7ffe388f1000-7ffe388f5000 r--p 00000000 00:00 0                          [vvar]
7ffe388f5000-7ffe388f7000 r-xp 00000000 00:00 0                          [vdso]
ffffffffff600000-ffffffffff601000 --xp 00000000 00:00 0                  [vsyscall]

VM Arguments:
jvm_args: -Xms100g -Xmx100g -Xss100M 
java_command: application-0.0.2-jar-with-dependencies.jar --app --NUM_ITEMS --NUM_ACCESS --tthread --scheduler --totalEvents application-0.0.2-jar-with-dependencies.jar compile.sh draw dynamic_runner_everyPhase.sh dynamic_runner.sh group_runner.sh model_runner.sh old-21.12.14 old-22.03.10 overview_runner.sh run_all.sh runner.sh runTP.sh sensitivity_runner_new.sh sensitivity_runner.sh sensitivity_study sensitivity_txn_length_runner.sh window_runner.sh --checkpoint_interval --deposit_ratio --key_skewness --overlap_ratio --window_ratio --CCOption --complexity --isCyclic
java_class_path (initial): application-0.0.2-jar-with-dependencies.jar
Launcher Type: SUN_STANDARD

Environment Variables:
JAVA_HOME=/home/myc/workspace/tools/jdk
PATH=/home/myc/workspace/tools/jdk/bin:/home/myc/anaconda3/bin:/home/myc/anaconda3/condabin:/home/myc/workspace/tools/jdk/bin:/home/myc/.local/bin:/usr/local/sbin:/usr/local/bin:/usr/sbin:/usr/bin:/sbin:/bin:/usr/games:/usr/local/games:/snap/bin
USERNAME=myc
SHELL=/bin/bash
DISPLAY=:0

Signal Handlers:
SIGSEGV: [libjvm.so+0xad3ce0], sa_mask[0]=11111111011111111101111111111110, sa_flags=SA_RESTART|SA_SIGINFO
SIGBUS: [libjvm.so+0xad3ce0], sa_mask[0]=11111111011111111101111111111110, sa_flags=SA_RESTART|SA_SIGINFO
SIGFPE: [libjvm.so+0x90b820], sa_mask[0]=11111111011111111101111111111110, sa_flags=SA_RESTART|SA_SIGINFO
SIGPIPE: [libjvm.so+0x90b820], sa_mask[0]=11111111011111111101111111111110, sa_flags=SA_RESTART|SA_SIGINFO
SIGXFSZ: [libjvm.so+0x90b820], sa_mask[0]=11111111011111111101111111111110, sa_flags=SA_RESTART|SA_SIGINFO
SIGILL: [libjvm.so+0x90b820], sa_mask[0]=11111111011111111101111111111110, sa_flags=SA_RESTART|SA_SIGINFO
SIGUSR1: SIG_DFL, sa_mask[0]=00000000000000000000000000000000, sa_flags=none
SIGUSR2: [libjvm.so+0x90b6f0], sa_mask[0]=00100000000000000000000000000000, sa_flags=SA_RESTART|SA_SIGINFO
SIGHUP: SIG_DFL, sa_mask[0]=00000000000000000000000000000000, sa_flags=none
SIGINT: SIG_DFL, sa_mask[0]=00000000000000000000000000000000, sa_flags=none
SIGTERM: SIG_DFL, sa_mask[0]=00000000000000000000000000000000, sa_flags=none
SIGQUIT: SIG_DFL, sa_mask[0]=00000000000000000000000000000000, sa_flags=none


---------------  S Y S T E M  ---------------

OS:DISTRIB_ID=Ubuntu
DISTRIB_RELEASE=20.04
DISTRIB_CODENAME=focal
DISTRIB_DESCRIPTION="Ubuntu 20.04.5 LTS"

uname:Linux 5.15.0-48-generic #54~20.04.1-Ubuntu SMP Thu Sep 1 16:17:26 UTC 2022 x86_64
libc:glibc 2.31 NPTL 2.31 
rlimit: STACK 8192k, CORE 0k, NPROC 62812, NOFILE 1048576, AS infinity
load average:1.25 1.10 1.21

/proc/meminfo:
MemTotal:       16157024 kB
MemFree:         2129296 kB
MemAvailable:    6182820 kB
Buffers:          516080 kB
Cached:          4828852 kB
SwapCached:        44604 kB
Active:          3990996 kB
Inactive:        9128184 kB
Active(anon):    1376172 kB
Inactive(anon):  7637312 kB
Active(file):    2614824 kB
Inactive(file):  1490872 kB
Unevictable:      183544 kB
Mlocked:              64 kB
SwapTotal:       2097148 kB
SwapFree:        1447876 kB
Dirty:             45628 kB
Writeback:             0 kB
AnonPages:       7919132 kB
Mapped:          1191448 kB
Shmem:           1243796 kB
KReclaimable:     285116 kB
Slab:             486812 kB
SReclaimable:     285116 kB
SUnreclaim:       201696 kB
KernelStack:       22756 kB
PageTables:        74248 kB
NFS_Unstable:          0 kB
Bounce:                0 kB
WritebackTmp:          0 kB
CommitLimit:    10175660 kB
Committed_AS:   20639596 kB
VmallocTotal:   34359738367 kB
VmallocUsed:       60188 kB
VmallocChunk:          0 kB
Percpu:             8224 kB
HardwareCorrupted:     0 kB
AnonHugePages:         0 kB
ShmemHugePages:        0 kB
ShmemPmdMapped:        0 kB
FileHugePages:         0 kB
FilePmdMapped:         0 kB
HugePages_Total:       0
HugePages_Free:        0
HugePages_Rsvd:        0
HugePages_Surp:        0
Hugepagesize:       2048 kB
Hugetlb:               0 kB
DirectMap4k:      743680 kB
DirectMap2M:    13709312 kB
DirectMap1G:     2097152 kB

container (cgroup) information:
container_type: cgroupv1
cpu_cpuset_cpus: 0-7
cpu_memory_nodes: 0
active_processor_count: 8
cpu_quota: -1
cpu_period: 100000
cpu_shares: -1
memory_limit_in_bytes: -1
memory_and_swap_limit_in_bytes: -1
memory_soft_limit_in_bytes: -1
memory_usage_in_bytes: 11798142976
memory_max_usage_in_bytes: 15691960320


CPU:total 8 (initial active 8) (8 cores per cpu, 1 threads per core) family 6 model 158 stepping 13, cmov, cx8, fxsr, mmx, sse, sse2, sse3, ssse3, sse4.1, sse4.2, popcnt, avx, avx2, aes, clmul, erms, 3dnowpref, lzcnt, tsc, tscinvbit, bmi1, bmi2, adx

/proc/cpuinfo:
processor	: 0
vendor_id	: GenuineIntel
cpu family	: 6
model		: 158
model name	: Intel(R) Core(TM) i7-9700 CPU @ 3.00GHz
stepping	: 13
microcode	: 0xf0
cpu MHz		: 3000.000
cache size	: 12288 KB
physical id	: 0
siblings	: 8
core id		: 0
cpu cores	: 8
apicid		: 0
initial apicid	: 0
fpu		: yes
fpu_exception	: yes
cpuid level	: 22
wp		: yes
flags		: fpu vme de pse tsc msr pae mce cx8 apic sep mtrr pge mca cmov pat pse36 clflush dts acpi mmx fxsr sse sse2 ss ht tm pbe syscall nx pdpe1gb rdtscp lm constant_tsc art arch_perfmon pebs bts rep_good nopl xtopology nonstop_tsc cpuid aperfmperf pni pclmulqdq dtes64 monitor ds_cpl vmx smx est tm2 ssse3 sdbg fma cx16 xtpr pdcm pcid sse4_1 sse4_2 x2apic movbe popcnt tsc_deadline_timer aes xsave avx f16c rdrand lahf_lm abm 3dnowprefetch cpuid_fault epb invpcid_single ssbd ibrs ibpb stibp ibrs_enhanced tpr_shadow vnmi flexpriority ept vpid ept_ad fsgsbase tsc_adjust bmi1 avx2 smep bmi2 erms invpcid mpx rdseed adx smap clflushopt intel_pt xsaveopt xsavec xgetbv1 xsaves dtherm ida arat pln pts hwp hwp_notify hwp_act_window hwp_epp md_clear flush_l1d arch_capabilities
vmx flags	: vnmi preemption_timer invvpid ept_x_only ept_ad ept_1gb flexpriority tsc_offset vtpr mtf vapic ept vpid unrestricted_guest ple shadow_vmcs pml ept_mode_based_exec
bugs		: spectre_v1 spectre_v2 spec_store_bypass swapgs taa itlb_multihit srbds mmio_stale_data retbleed
bogomips	: 6000.00
clflush size	: 64
cache_alignment	: 64
address sizes	: 39 bits physical, 48 bits virtual
power management:

processor	: 1
vendor_id	: GenuineIntel
cpu family	: 6
model		: 158
model name	: Intel(R) Core(TM) i7-9700 CPU @ 3.00GHz
stepping	: 13
microcode	: 0xf0
cpu MHz		: 2667.194
cache size	: 12288 KB
physical id	: 0
siblings	: 8
core id		: 1
cpu cores	: 8
apicid		: 2
initial apicid	: 2
fpu		: yes
fpu_exception	: yes
cpuid level	: 22
wp		: yes
flags		: fpu vme de pse tsc msr pae mce cx8 apic sep mtrr pge mca cmov pat pse36 clflush dts acpi mmx fxsr sse sse2 ss ht tm pbe syscall nx pdpe1gb rdtscp lm constant_tsc art arch_perfmon pebs bts rep_good nopl xtopology nonstop_tsc cpuid aperfmperf pni pclmulqdq dtes64 monitor ds_cpl vmx smx est tm2 ssse3 sdbg fma cx16 xtpr pdcm pcid sse4_1 sse4_2 x2apic movbe popcnt tsc_deadline_timer aes xsave avx f16c rdrand lahf_lm abm 3dnowprefetch cpuid_fault epb invpcid_single ssbd ibrs ibpb stibp ibrs_enhanced tpr_shadow vnmi flexpriority ept vpid ept_ad fsgsbase tsc_adjust bmi1 avx2 smep bmi2 erms invpcid mpx rdseed adx smap clflushopt intel_pt xsaveopt xsavec xgetbv1 xsaves dtherm ida arat pln pts hwp hwp_notify hwp_act_window hwp_epp md_clear flush_l1d arch_capabilities
vmx flags	: vnmi preemption_timer invvpid ept_x_only ept_ad ept_1gb flexpriority tsc_offset vtpr mtf vapic ept vpid unrestricted_guest ple shadow_vmcs pml ept_mode_based_exec
bugs		: spectre_v1 spectre_v2 spec_store_bypass swapgs taa itlb_multihit srbds mmio_stale_data retbleed
bogomips	: 6000.00
clflush size	: 64
cache_alignment	: 64
address sizes	: 39 bits physical, 48 bits virtual
power management:

processor	: 2
vendor_id	: GenuineIntel
cpu family	: 6
model		: 158
model name	: Intel(R) Core(TM) i7-9700 CPU @ 3.00GHz
stepping	: 13
microcode	: 0xf0
cpu MHz		: 3000.000
cache size	: 12288 KB
physical id	: 0
siblings	: 8
core id		: 2
cpu cores	: 8
apicid		: 4
initial apicid	: 4
fpu		: yes
fpu_exception	: yes
cpuid level	: 22
wp		: yes
flags		: fpu vme de pse tsc msr pae mce cx8 apic sep mtrr pge mca cmov pat pse36 clflush dts acpi mmx fxsr sse sse2 ss ht tm pbe syscall nx pdpe1gb rdtscp lm constant_tsc art arch_perfmon pebs bts rep_good nopl xtopology nonstop_tsc cpuid aperfmperf pni pclmulqdq dtes64 monitor ds_cpl vmx smx est tm2 ssse3 sdbg fma cx16 xtpr pdcm pcid sse4_1 sse4_2 x2apic movbe popcnt tsc_deadline_timer aes xsave avx f16c rdrand lahf_lm abm 3dnowprefetch cpuid_fault epb invpcid_single ssbd ibrs ibpb stibp ibrs_enhanced tpr_shadow vnmi flexpriority ept vpid ept_ad fsgsbase tsc_adjust bmi1 avx2 smep bmi2 erms invpcid mpx rdseed adx smap clflushopt intel_pt xsaveopt xsavec xgetbv1 xsaves dtherm ida arat pln pts hwp hwp_notify hwp_act_window hwp_epp md_clear flush_l1d arch_capabilities
vmx flags	: vnmi preemption_timer invvpid ept_x_only ept_ad ept_1gb flexpriority tsc_offset vtpr mtf vapic ept vpid unrestricted_guest ple shadow_vmcs pml ept_mode_based_exec
bugs		: spectre_v1 spectre_v2 spec_store_bypass swapgs taa itlb_multihit srbds mmio_stale_data retbleed
bogomips	: 6000.00
clflush size	: 64
cache_alignment	: 64
address sizes	: 39 bits physical, 48 bits virtual
power management:

processor	: 3
vendor_id	: GenuineIntel
cpu family	: 6
model		: 158
model name	: Intel(R) Core(TM) i7-9700 CPU @ 3.00GHz
stepping	: 13
microcode	: 0xf0
cpu MHz		: 3000.000
cache size	: 12288 KB
physical id	: 0
siblings	: 8
core id		: 3
cpu cores	: 8
apicid		: 6
initial apicid	: 6
fpu		: yes
fpu_exception	: yes
cpuid level	: 22
wp		: yes
flags		: fpu vme de pse tsc msr pae mce cx8 apic sep mtrr pge mca cmov pat pse36 clflush dts acpi mmx fxsr sse sse2 ss ht tm pbe syscall nx pdpe1gb rdtscp lm constant_tsc art arch_perfmon pebs bts rep_good nopl xtopology nonstop_tsc cpuid aperfmperf pni pclmulqdq dtes64 monitor ds_cpl vmx smx est tm2 ssse3 sdbg fma cx16 xtpr pdcm pcid sse4_1 sse4_2 x2apic movbe popcnt tsc_deadline_timer aes xsave avx f16c rdrand lahf_lm abm 3dnowprefetch cpuid_fault epb invpcid_single ssbd ibrs ibpb stibp ibrs_enhanced tpr_shadow vnmi flexpriority ept vpid ept_ad fsgsbase tsc_adjust bmi1 avx2 smep bmi2 erms invpcid mpx rdseed adx smap clflushopt intel_pt xsaveopt xsavec xgetbv1 xsaves dtherm ida arat pln pts hwp hwp_notify hwp_act_window hwp_epp md_clear flush_l1d arch_capabilities
vmx flags	: vnmi preemption_timer invvpid ept_x_only ept_ad ept_1gb flexpriority tsc_offset vtpr mtf vapic ept vpid unrestricted_guest ple shadow_vmcs pml ept_mode_based_exec
bugs		: spectre_v1 spectre_v2 spec_store_bypass swapgs taa itlb_multihit srbds mmio_stale_data retbleed
bogomips	: 6000.00
clflush size	: 64
cache_alignment	: 64
address sizes	: 39 bits physical, 48 bits virtual
power management:

processor	: 4
vendor_id	: GenuineIntel
cpu family	: 6
model		: 158
model name	: Intel(R) Core(TM) i7-9700 CPU @ 3.00GHz
stepping	: 13
microcode	: 0xf0
cpu MHz		: 3000.000
cache size	: 12288 KB
physical id	: 0
siblings	: 8
core id		: 4
cpu cores	: 8
apicid		: 8
initial apicid	: 8
fpu		: yes
fpu_exception	: yes
cpuid level	: 22
wp		: yes
flags		: fpu vme de pse tsc msr pae mce cx8 apic sep mtrr pge mca cmov pat pse36 clflush dts acpi mmx fxsr sse sse2 ss ht tm pbe syscall nx pdpe1gb rdtscp lm constant_tsc art arch_perfmon pebs bts rep_good nopl xtopology nonstop_tsc cpuid aperfmperf pni pclmulqdq dtes64 monitor ds_cpl vmx smx est tm2 ssse3 sdbg fma cx16 xtpr pdcm pcid sse4_1 sse4_2 x2apic movbe popcnt tsc_deadline_timer aes xsave avx f16c rdrand lahf_lm abm 3dnowprefetch cpuid_fault epb invpcid_single ssbd ibrs ibpb stibp ibrs_enhanced tpr_shadow vnmi flexpriority ept vpid ept_ad fsgsbase tsc_adjust bmi1 avx2 smep bmi2 erms invpcid mpx rdseed adx smap clflushopt intel_pt xsaveopt xsavec xgetbv1 xsaves dtherm ida arat pln pts hwp hwp_notify hwp_act_window hwp_epp md_clear flush_l1d arch_capabilities
vmx flags	: vnmi preemption_timer invvpid ept_x_only ept_ad ept_1gb flexpriority tsc_offset vtpr mtf vapic ept vpid unrestricted_guest ple shadow_vmcs pml ept_mode_based_exec
bugs		: spectre_v1 spectre_v2 spec_store_bypass swapgs taa itlb_multihit srbds mmio_stale_data retbleed
bogomips	: 6000.00
clflush size	: 64
cache_alignment	: 64
address sizes	: 39 bits physical, 48 bits virtual
power management:

processor	: 5
vendor_id	: GenuineIntel
cpu family	: 6
model		: 158
model name	: Intel(R) Core(TM) i7-9700 CPU @ 3.00GHz
stepping	: 13
microcode	: 0xf0
cpu MHz		: 3000.000
cache size	: 12288 KB
physical id	: 0
siblings	: 8
core id		: 5
cpu cores	: 8
apicid		: 10
initial apicid	: 10
fpu		: yes
fpu_exception	: yes
cpuid level	: 22
wp		: yes
flags		: fpu vme de pse tsc msr pae mce cx8 apic sep mtrr pge mca cmov pat pse36 clflush dts acpi mmx fxsr sse sse2 ss ht tm pbe syscall nx pdpe1gb rdtscp lm constant_tsc art arch_perfmon pebs bts rep_good nopl xtopology nonstop_tsc cpuid aperfmperf pni pclmulqdq dtes64 monitor ds_cpl vmx smx est tm2 ssse3 sdbg fma cx16 xtpr pdcm pcid sse4_1 sse4_2 x2apic movbe popcnt tsc_deadline_timer aes xsave avx f16c rdrand lahf_lm abm 3dnowprefetch cpuid_fault epb invpcid_single ssbd ibrs ibpb stibp ibrs_enhanced tpr_shadow vnmi flexpriority ept vpid ept_ad fsgsbase tsc_adjust bmi1 avx2 smep bmi2 erms invpcid mpx rdseed adx smap clflushopt intel_pt xsaveopt xsavec xgetbv1 xsaves dtherm ida arat pln pts hwp hwp_notify hwp_act_window hwp_epp md_clear flush_l1d arch_capabilities
vmx flags	: vnmi preemption_timer invvpid ept_x_only ept_ad ept_1gb flexpriority tsc_offset vtpr mtf vapic ept vpid unrestricted_guest ple shadow_vmcs pml ept_mode_based_exec
bugs		: spectre_v1 spectre_v2 spec_store_bypass swapgs taa itlb_multihit srbds mmio_stale_data retbleed
bogomips	: 6000.00
clflush size	: 64
cache_alignment	: 64
address sizes	: 39 bits physical, 48 bits virtual
power management:

processor	: 6
vendor_id	: GenuineIntel
cpu family	: 6
model		: 158
model name	: Intel(R) Core(TM) i7-9700 CPU @ 3.00GHz
stepping	: 13
microcode	: 0xf0
cpu MHz		: 3000.000
cache size	: 12288 KB
physical id	: 0
siblings	: 8
core id		: 6
cpu cores	: 8
apicid		: 12
initial apicid	: 12
fpu		: yes
fpu_exception	: yes
cpuid level	: 22
wp		: yes
flags		: fpu vme de pse tsc msr pae mce cx8 apic sep mtrr pge mca cmov pat pse36 clflush dts acpi mmx fxsr sse sse2 ss ht tm pbe syscall nx pdpe1gb rdtscp lm constant_tsc art arch_perfmon pebs bts rep_good nopl xtopology nonstop_tsc cpuid aperfmperf pni pclmulqdq dtes64 monitor ds_cpl vmx smx est tm2 ssse3 sdbg fma cx16 xtpr pdcm pcid sse4_1 sse4_2 x2apic movbe popcnt tsc_deadline_timer aes xsave avx f16c rdrand lahf_lm abm 3dnowprefetch cpuid_fault epb invpcid_single ssbd ibrs ibpb stibp ibrs_enhanced tpr_shadow vnmi flexpriority ept vpid ept_ad fsgsbase tsc_adjust bmi1 avx2 smep bmi2 erms invpcid mpx rdseed adx smap clflushopt intel_pt xsaveopt xsavec xgetbv1 xsaves dtherm ida arat pln pts hwp hwp_notify hwp_act_window hwp_epp md_clear flush_l1d arch_capabilities
vmx flags	: vnmi preemption_timer invvpid ept_x_only ept_ad ept_1gb flexpriority tsc_offset vtpr mtf vapic ept vpid unrestricted_guest ple shadow_vmcs pml ept_mode_based_exec
bugs		: spectre_v1 spectre_v2 spec_store_bypass swapgs taa itlb_multihit srbds mmio_stale_data retbleed
bogomips	: 6000.00
clflush size	: 64
cache_alignment	: 64
address sizes	: 39 bits physical, 48 bits virtual
power management:

processor	: 7
vendor_id	: GenuineIntel
cpu family	: 6
model		: 158
model name	: Intel(R) Core(TM) i7-9700 CPU @ 3.00GHz
stepping	: 13
microcode	: 0xf0
cpu MHz		: 3000.000
cache size	: 12288 KB
physical id	: 0
siblings	: 8
core id		: 7
cpu cores	: 8
apicid		: 14
initial apicid	: 14
fpu		: yes
fpu_exception	: yes
cpuid level	: 22
wp		: yes
flags		: fpu vme de pse tsc msr pae mce cx8 apic sep mtrr pge mca cmov pat pse36 clflush dts acpi mmx fxsr sse sse2 ss ht tm pbe syscall nx pdpe1gb rdtscp lm constant_tsc art arch_perfmon pebs bts rep_good nopl xtopology nonstop_tsc cpuid aperfmperf pni pclmulqdq dtes64 monitor ds_cpl vmx smx est tm2 ssse3 sdbg fma cx16 xtpr pdcm pcid sse4_1 sse4_2 x2apic movbe popcnt tsc_deadline_timer aes xsave avx f16c rdrand lahf_lm abm 3dnowprefetch cpuid_fault epb invpcid_single ssbd ibrs ibpb stibp ibrs_enhanced tpr_shadow vnmi flexpriority ept vpid ept_ad fsgsbase tsc_adjust bmi1 avx2 smep bmi2 erms invpcid mpx rdseed adx smap clflushopt intel_pt xsaveopt xsavec xgetbv1 xsaves dtherm ida arat pln pts hwp hwp_notify hwp_act_window hwp_epp md_clear flush_l1d arch_capabilities
vmx flags	: vnmi preemption_timer invvpid ept_x_only ept_ad ept_1gb flexpriority tsc_offset vtpr mtf vapic ept vpid unrestricted_guest ple shadow_vmcs pml ept_mode_based_exec
bugs		: spectre_v1 spectre_v2 spec_store_bypass swapgs taa itlb_multihit srbds mmio_stale_data retbleed
bogomips	: 6000.00
clflush size	: 64
cache_alignment	: 64
address sizes	: 39 bits physical, 48 bits virtual
power management:



Memory: 4k page, physical 16157024k(2129296k free), swap 2097148k(1447876k free)

vm_info: Java HotSpot(TM) 64-Bit Server VM (25.202-b08) for linux-amd64 JRE (1.8.0_202-b08), built on Dec 15 2018 12:40:22 by "java_re" with gcc 7.3.0

time: Wed Oct 12 00:29:30 2022
timezone: +08
elapsed time: 0 seconds (0d 0h 0m 0s)

